This is pdfTeX, Version 3.1415926-2.3-1.40.12 (MiKTeX 2.9) (preloaded format=pdflatex 2017.9.6)  15 JUN 2019 02:46
entering extended mode
**C:/Users/ASUS/Desktop/CGDesign/NJU_CG/161240005_5æœˆæŠ¥å‘Š/161240005é™ˆå‹‡è™Ž
CG/161240005_5æœˆæŠ¥å‘Š.tex

(C:/Users/ASUS/Desktop/CGDesign/NJU_CG/161240005_5æœˆæŠ¥å‘Š/161240005é™ˆå‹‡è™ŽC
G/161240005_5æœˆæŠ¥å‘Š.tex
LaTeX2e <2011/06/27>
Babel <v3.8m> and hyphenation patterns for loaded.
(C:\CTEX\MiKTeX\tex\latex\base\article.cls
Document Class: article 2007/10/19 v1.4h Standard LaTeX document class
(C:\CTEX\MiKTeX\tex\latex\base\size11.clo
File: size11.clo 2007/10/19 v1.4h Standard LaTeX file (size option)
)
\c@part=\count79
\c@section=\count80
\c@subsection=\count81
\c@subsubsection=\count82
\c@paragraph=\count83
\c@subparagraph=\count84
\c@figure=\count85
\c@table=\count86
\abovecaptionskip=\skip41
\belowcaptionskip=\skip42
\bibindent=\dimen102
)
(C:\CTEX\MiKTeX\tex\latex\ctex\ctex.sty
Package: ctex 2011/03/11 v1.02c ctex macros package

(C:\CTEX\MiKTeX\tex\latex\ctex\opt\ctex-common-opts.def)
(C:\CTEX\CTeX\tex\latex\ctex\cfg\ctexopts.cfg)
(C:\CTEX\MiKTeX\tex\latex\ctex\def\ctex-common.def
(C:\CTEX\MiKTeX\tex\latex\l3kernel\expl3.sty
(C:\CTEX\MiKTeX\tex\latex\l3kernel\l3names.sty
(C:\CTEX\MiKTeX\tex\latex\l3kernel\l3bootstrap.sty
Package: l3bootstrap 2011/12/29 v3110 L3 Experimental bootstrap code
)
Package: l3names 2011/12/30 v3113 L3 Experimental namespace for primitives
)
(C:\CTEX\MiKTeX\tex\latex\misc\etex.sty
Package: etex 1998/03/26 v2.0 eTeX basic definition package (PEB)
\et@xins=\count87
)
Package: expl3 2012/02/26 v3471 L3 Experimental code bundle wrapper

(C:\CTEX\MiKTeX\tex\latex\graphics\color.sty
Package: color 2005/11/14 v1.0j Standard LaTeX Color (DPC)

(C:\CTEX\MiKTeX\tex\latex\00miktex\color.cfg
File: color.cfg 2007/01/18 v1.5 color configuration of teTeX/TeXLive
)
Package color Info: Driver file: pdftex.def on input line 130.

(C:\CTEX\MiKTeX\tex\latex\pdftex-def\pdftex.def
File: pdftex.def 2011/05/27 v0.06d Graphics/color for pdfTeX

(C:\CTEX\MiKTeX\tex\generic\oberdiek\infwarerr.sty
Package: infwarerr 2010/04/08 v1.3 Providing info/warning/message (HO)
)
(C:\CTEX\MiKTeX\tex\generic\oberdiek\ltxcmds.sty
Package: ltxcmds 2011/04/18 v1.20 LaTeX kernel commands for general use (HO)
)
\Gread@gobject=\count88
))
(C:\CTEX\MiKTeX\tex\latex\graphics\graphics.sty
Package: graphics 2009/02/05 v1.0o Standard LaTeX Graphics (DPC,SPQR)

(C:\CTEX\MiKTeX\tex\latex\graphics\trig.sty
Package: trig 1999/03/16 v1.09 sin cos tan (DPC)
)
(C:\CTEX\MiKTeX\tex\latex\00miktex\graphics.cfg
File: graphics.cfg 2007/01/18 v1.5 graphics configuration of teTeX/TeXLive
)
Package graphics Info: Driver file: pdftex.def on input line 91.
)
(C:\CTEX\MiKTeX\tex\latex\l3kernel\l3basics.sty
Package: l3basics 2012/02/26 v3460 L3 Experimental basic definitions
)
(C:\CTEX\MiKTeX\tex\latex\l3kernel\l3expan.sty
Package: l3expan 2012/02/26 v3460 L3 Experimental argument expansion
)
(C:\CTEX\MiKTeX\tex\latex\l3kernel\l3tl.sty
Package: l3tl 2012/02/26 v3460 L3 Experimental token lists
)
(C:\CTEX\MiKTeX\tex\latex\l3kernel\l3seq.sty
Package: l3seq 2012/01/09 v3158 L3 Experimental sequences and stacks
)
(C:\CTEX\MiKTeX\tex\latex\l3kernel\l3int.sty
Package: l3int 2012/02/26 v3460 L3 Experimental integers
\c_max_int=\count89
\l_tmpa_int=\count90
\l_tmpb_int=\count91
\l_tmpc_int=\count92
\g_tmpa_int=\count93
\g_tmpb_int=\count94
)
(C:\CTEX\MiKTeX\tex\latex\l3kernel\l3quark.sty
Package: l3quark 2012/02/12 v3384 L3 Experimental quarks
)
(C:\CTEX\MiKTeX\tex\latex\l3kernel\l3prg.sty
Package: l3prg 2012/02/26 v3464 L3 Experimental control structures
\g_prg_map_int=\count95
)
(C:\CTEX\MiKTeX\tex\latex\l3kernel\l3clist.sty
Package: l3clist 2012/02/26 v3460 L3 Experimental comma separated lists
)
(C:\CTEX\MiKTeX\tex\latex\l3kernel\l3token.sty
Package: l3token 2012/02/26 v3460 L3 Experimental token manipulation
)
(C:\CTEX\MiKTeX\tex\latex\l3kernel\l3prop.sty
Package: l3prop 2012/02/26 v3460 L3 Experimental property lists
)
(C:\CTEX\MiKTeX\tex\latex\l3kernel\l3msg.sty
Package: l3msg 2012/02/26 v3470 L3 Experimental messages
)
(C:\CTEX\MiKTeX\tex\latex\l3kernel\l3file.sty
Package: l3file 2012/02/26 v3464 L3 Experimental file and I/O operations
\l_iow_stream_int=\count96
\l_iow_line_length_int=\count97
\l_iow_target_length_int=\count98
\l_iow_current_line_int=\count99
\l_iow_current_word_int=\count100
\l_iow_current_indentation_int=\count101
)
(C:\CTEX\MiKTeX\tex\latex\l3kernel\l3skip.sty
Package: l3skip 2012/02/26 v3460 L3 Experimental dimensions and skips
\l_tmpa_dim=\dimen103
\l_tmpb_dim=\dimen104
\l_tmpc_dim=\dimen105
\g_tmpa_dim=\dimen106
\g_tmpb_dim=\dimen107
\l_tmpa_skip=\skip43
\l_tmpb_skip=\skip44
\l_tmpc_skip=\skip45
\g_tmpa_skip=\skip46
\g_tmpb_skip=\skip47
)
(C:\CTEX\MiKTeX\tex\latex\l3kernel\l3keys.sty
Package: l3keys 2011/12/22 v3086 L3 Experimental key-value interfaces
\g_keyval_level_int=\count102
\l_keys_choice_int=\count103
)
(C:\CTEX\MiKTeX\tex\latex\l3kernel\l3fp.sty
Package: l3fp 2012/02/06 v3315 L3 Experimental floating-point operations
\c_one_million=\count104
\c_one_hundred_million=\count105
\c_five_hundred_million=\count106
\c_one_thousand_million=\count107
\c_fp_pi_by_four_decimal_int=\count108
\c_fp_pi_by_four_extended_int=\count109
\c_fp_pi_decimal_int=\count110
\c_fp_pi_extended_int=\count111
\c_fp_two_pi_decimal_int=\count112
\c_fp_two_pi_extended_int=\count113
\l_fp_count_int=\count114
\l_fp_div_offset_int=\count115
\l_fp_exp_integer_int=\count116
\l_fp_exp_decimal_int=\count117
\l_fp_exp_extended_int=\count118
\l_fp_exp_exponent_int=\count119
\l_fp_input_a_sign_int=\count120
\l_fp_input_a_integer_int=\count121
\l_fp_input_a_decimal_int=\count122
\l_fp_input_a_exponent_int=\count123
\l_fp_input_b_sign_int=\count124
\l_fp_input_b_integer_int=\count125
\l_fp_input_b_decimal_int=\count126
\l_fp_input_b_exponent_int=\count127
\l_fp_input_a_extended_int=\count128
\l_fp_input_b_extended_int=\count129
\l_fp_mul_a_i_int=\count130
\l_fp_mul_a_ii_int=\count131
\l_fp_mul_a_iii_int=\count132
\l_fp_mul_a_iv_int=\count133
\l_fp_mul_a_v_int=\count134
\l_fp_mul_a_vi_int=\count135
\l_fp_mul_b_i_int=\count136
\l_fp_mul_b_ii_int=\count137
\l_fp_mul_b_iii_int=\count138
\l_fp_mul_b_iv_int=\count139
\l_fp_mul_b_v_int=\count140
\l_fp_mul_b_vi_int=\count141
\l_fp_mul_output_int=\count142
\l_fp_output_sign_int=\count143
\l_fp_output_integer_int=\count144
\l_fp_output_decimal_int=\count145
\l_fp_output_exponent_int=\count146
\l_fp_output_extended_int=\count147
\l_fp_round_position_int=\count148
\l_fp_round_target_int=\count149
\l_fp_split_sign_int=\count150
\l_fp_internal_int=\count151
\l_fp_trig_octant_int=\count152
\l_fp_trig_sign_int=\count153
\l_fp_trig_decimal_int=\count154
\l_fp_trig_extended_int=\count155
\l_fp_internal_dim=\dimen108
\l_fp_internal_skip=\skip48
)
(C:\CTEX\MiKTeX\tex\latex\l3kernel\l3box.sty
Package: l3box 2012/02/18 v3432 L3 Experimental boxes
\l_tmpb_box=\box26
\l_box_top_dim=\dimen109
\l_box_bottom_dim=\dimen110
\l_box_left_dim=\dimen111
\l_box_right_dim=\dimen112
\l_box_top_new_dim=\dimen113
\l_box_bottom_new_dim=\dimen114
\l_box_left_new_dim=\dimen115
\l_box_right_new_dim=\dimen116
\l_box_internal_box=\box27
)
(C:\CTEX\MiKTeX\tex\latex\l3kernel\l3coffins.sty
Package: l3coffins 2012/02/26 v3460 L3 Experimental coffin code layer
\l_coffin_internal_box=\box28
\l_coffin_internal_dim=\dimen117
\l_coffin_offset_x_dim=\dimen118
\l_coffin_offset_y_dim=\dimen119
\l_coffin_x_dim=\dimen120
\l_coffin_y_dim=\dimen121
\l_coffin_x_prime_dim=\dimen122
\l_coffin_y_prime_dim=\dimen123
\l_coffin_Depth_dim=\dimen124
\l_coffin_Height_dim=\dimen125
\l_coffin_TotalHeight_dim=\dimen126
\l_coffin_Width_dim=\dimen127
\c_empty_coffin=\box29
\l_coffin_aligned_coffin=\box30
\l_coffin_aligned_internal_coffin=\box31
\l_coffin_bounding_shift_dim=\dimen128
\l_coffin_left_corner_dim=\dimen129
\l_coffin_right_corner_dim=\dimen130
\l_coffin_bottom_corner_dim=\dimen131
\l_coffin_top_corner_dim=\dimen132
\l_coffin_scaled_total_height_dim=\dimen133
\l_coffin_scaled_width_dim=\dimen134
\l_coffin_display_coffin=\box32
\l_coffin_display_coord_coffin=\box33
\l_coffin_display_pole_coffin=\box34
\l_coffin_display_offset_dim=\dimen135
\l_coffin_display_x_dim=\dimen136
\l_coffin_display_y_dim=\dimen137
)
(C:\CTEX\MiKTeX\tex\latex\l3kernel\l3color.sty
Package: l3color 2011/09/07 v2776 L3 Experimental colour support
)
(C:\CTEX\MiKTeX\tex\latex\l3kernel\l3luatex.sty
Package: l3luatex 2012/02/09 v3355 L3 Experimental LuaTeX-specific functions
\g_cctab_allocate_int=\count156
\g_cctab_stack_int=\count157
))
(C:\CTEX\MiKTeX\tex\latex\etoolbox\etoolbox.sty
Package: etoolbox 2011/01/03 v2.1 e-TeX tools for LaTeX
\etb@tempcnta=\count158
)
(C:\CTEX\MiKTeX\tex\generic\oberdiek\ifpdf.sty
Package: ifpdf 2011/01/30 v2.3 Provides the ifpdf switch (HO)
Package ifpdf Info: pdfTeX in PDF mode is detected.
)
(C:\CTEX\MiKTeX\tex\generic\ifxetex\ifxetex.sty
Package: ifxetex 2010/09/12 v0.6 Provides ifxetex conditional
)
(C:\CTEX\MiKTeX\tex\latex\graphics\keyval.sty
Package: keyval 1999/03/16 v1.13 key=value parser (DPC)
\KV@toks@=\toks14
)
(C:\CTEX\MiKTeX\tex\latex\tools\indentfirst.sty
Package: indentfirst 1995/11/23 v1.03 Indent first paragraph (DPC)
)
(C:\CTEX\MiKTeX\tex\latex\base\fix-cm.sty
Package: fix-cm 2006/09/13 v1.1m fixes to LaTeX

(C:\CTEX\MiKTeX\tex\latex\base\ts1enc.def
File: ts1enc.def 2001/06/05 v3.0e (jk/car/fm) Standard LaTeX file
))
(C:\CTEX\MiKTeX\tex\latex\ctex\engine\ctex-cjk-engine.def
(C:\CTEX\MiKTeX\tex\latex\cjk\CJK.sty
Package: CJK 2008/12/29 4.8.2

(C:\CTEX\MiKTeX\tex\latex\cjk\mule\MULEenc.sty
Package: MULEenc 2008/12/29 4.8.2
)
(C:\CTEX\MiKTeX\tex\latex\cjk\CJK.enc
File: CJK.enc 2008/12/29 4.8.2
)
LaTeX Info: Redefining \selectfont on input line 756.
\CJK@indent=\box35
)
(C:\CTEX\CTeX\tex\latex\CJKpunct\CJKpunct.sty
Package: CJKpunct 2010/02/21 4.8.2-2
\CJKpunct@cnta=\count159
\CJKpunct@cntb=\count160
\CJKpunct@cntc=\count161
\CJKpunct@cntd=\count162
\CJKpunct@cnte=\count163

(C:\CTEX\CTeX\tex\latex\CJKpunct\CJKpunct.spa))
(C:\CTEX\MiKTeX\tex\latex\ctex\engine\ctex-cjk-common.def
\ccwd=\dimen138
)
(C:\CTEX\MiKTeX\tex\latex\ctex\fontset\ctex-cjk-winfonts.def
(C:\CTEX\MiKTeX\tex\generic\zhmetrics\zhwinfonts.tex
(C:\CTEX\MiKTeX\tex\generic\oberdiek\ifpdf.sty
Package ifpdf Info: The package is already loaded, stopped on input line 64.
){C:/CTEX/UserData/pdftex/config/pdftex.map{Unicode.sfd}{UGBK.sfd}})))
\CTEX@q=\count164
\CTEX@r=\count165
))
(C:\CTEX\MiKTeX\tex\latex\ctex\def\ctex-gbk.def)
(C:\CTEX\MiKTeX\tex\latex\ctex\cfg\ctex.cfg)
(C:\CTEX\MiKTeX\tex\latex\tools\enumerate.sty
Package: enumerate 1999/03/05 v3.00 enumerate extensions (DPC)
\@enLab=\toks15
)
(C:\CTEX\MiKTeX\tex\latex\psnfss\times.sty
Package: times 2005/04/12 PSNFSS-v9.2a (SPQR) 
)
(C:\CTEX\MiKTeX\tex\latex\multirow\multirow.sty
\bigstrutjot=\dimen139
)
(C:\CTEX\MiKTeX\tex\latex\graphics\graphicx.sty
Package: graphicx 1999/02/16 v1.0f Enhanced LaTeX Graphics (DPC,SPQR)
\Gin@req@height=\dimen140
\Gin@req@width=\dimen141
)
(C:\CTEX\MiKTeX\tex\latex\amsfonts\amssymb.sty
Package: amssymb 2009/06/22 v3.00

(C:\CTEX\MiKTeX\tex\latex\amsfonts\amsfonts.sty
Package: amsfonts 2009/06/22 v3.00 Basic AMSFonts support
\@emptytoks=\toks16
\symAMSa=\mathgroup4
\symAMSb=\mathgroup5
LaTeX Font Info:    Overwriting math alphabet `\mathfrak' in version `bold'
(Font)                  U/euf/m/n --> U/euf/b/n on input line 96.
))
(C:\CTEX\UserData\tex\latex\pgf\frontendlayer\tikz.sty
(C:\CTEX\UserData\tex\latex\pgf\basiclayer\pgf.sty
(C:\CTEX\UserData\tex\latex\pgf\utilities\pgfrcs.sty
(C:\CTEX\UserData\tex\generic\pgf\utilities\pgfutil-common.tex
\pgfutil@everybye=\toks17
\pgfutil@tempdima=\dimen142
\pgfutil@tempdimb=\dimen143

(C:\CTEX\UserData\tex\generic\pgf\utilities\pgfutil-common-lists.tex))
(C:\CTEX\UserData\tex\generic\pgf\utilities\pgfutil-latex.def
\pgfutil@abb=\box36

(C:\CTEX\UserData\tex\latex\ms\everyshi.sty
Package: everyshi 2001/05/15 v3.00 EveryShipout Package (MS)
))
(C:\CTEX\UserData\tex\generic\pgf\utilities\pgfrcs.code.tex
Package: pgfrcs 2015/08/07 v3.0.1a (rcs-revision 1.31)
))
Package: pgf 2015/08/07 v3.0.1a (rcs-revision 1.15)

(C:\CTEX\UserData\tex\latex\pgf\basiclayer\pgfcore.sty
(C:\CTEX\UserData\tex\latex\pgf\systemlayer\pgfsys.sty
(C:\CTEX\UserData\tex\generic\pgf\systemlayer\pgfsys.code.tex
Package: pgfsys 2014/07/09 v3.0.1a (rcs-revision 1.48)

(C:\CTEX\UserData\tex\generic\pgf\utilities\pgfkeys.code.tex
\pgfkeys@pathtoks=\toks18
\pgfkeys@temptoks=\toks19

(C:\CTEX\UserData\tex\generic\pgf\utilities\pgfkeysfiltered.code.tex
\pgfkeys@tmptoks=\toks20
))
\pgf@x=\dimen144
\pgf@y=\dimen145
\pgf@xa=\dimen146
\pgf@ya=\dimen147
\pgf@xb=\dimen148
\pgf@yb=\dimen149
\pgf@xc=\dimen150
\pgf@yc=\dimen151
\w@pgf@writea=\write3
\r@pgf@reada=\read1
\c@pgf@counta=\count166
\c@pgf@countb=\count167
\c@pgf@countc=\count168
\c@pgf@countd=\count169
\t@pgf@toka=\toks21
\t@pgf@tokb=\toks22
\t@pgf@tokc=\toks23

(C:\CTEX\UserData\tex\generic\pgf\systemlayer\pgf.cfg
File: pgf.cfg 2008/05/14  (rcs-revision 1.7)
)
Driver file for pgf: pgfsys-pdftex.def

(C:\CTEX\UserData\tex\generic\pgf\systemlayer\pgfsys-pdftex.def
File: pgfsys-pdftex.def 2014/10/11  (rcs-revision 1.35)

(C:\CTEX\UserData\tex\generic\pgf\systemlayer\pgfsys-common-pdf.def
File: pgfsys-common-pdf.def 2013/10/10  (rcs-revision 1.13)
)))
(C:\CTEX\UserData\tex\generic\pgf\systemlayer\pgfsyssoftpath.code.tex
File: pgfsyssoftpath.code.tex 2013/09/09  (rcs-revision 1.9)
\pgfsyssoftpath@smallbuffer@items=\count170
\pgfsyssoftpath@bigbuffer@items=\count171
)
(C:\CTEX\UserData\tex\generic\pgf\systemlayer\pgfsysprotocol.code.tex
File: pgfsysprotocol.code.tex 2006/10/16  (rcs-revision 1.4)
))
(C:\CTEX\UserData\tex\latex\xcolor\xcolor.sty
Package: xcolor 2016/05/11 v2.12 LaTeX color extensions (UK)

(C:\CTEX\MiKTeX\tex\latex\00miktex\color.cfg
File: color.cfg 2007/01/18 v1.5 color configuration of teTeX/TeXLive
)
Package xcolor Info: Driver file: pdftex.def on input line 225.
LaTeX Info: Redefining \color on input line 709.
Package xcolor Info: Model `cmy' substituted by `cmy0' on input line 1348.
Package xcolor Info: Model `hsb' substituted by `rgb' on input line 1352.
Package xcolor Info: Model `RGB' extended on input line 1364.
Package xcolor Info: Model `HTML' substituted by `rgb' on input line 1366.
Package xcolor Info: Model `Hsb' substituted by `hsb' on input line 1367.
Package xcolor Info: Model `tHsb' substituted by `hsb' on input line 1368.
Package xcolor Info: Model `HSB' substituted by `hsb' on input line 1369.
Package xcolor Info: Model `Gray' substituted by `gray' on input line 1370.
Package xcolor Info: Model `wave' substituted by `hsb' on input line 1371.
)
(C:\CTEX\UserData\tex\generic\pgf\basiclayer\pgfcore.code.tex
Package: pgfcore 2010/04/11 v3.0.1a (rcs-revision 1.7)

(C:\CTEX\UserData\tex\generic\pgf\math\pgfmath.code.tex
(C:\CTEX\UserData\tex\generic\pgf\math\pgfmathcalc.code.tex
(C:\CTEX\UserData\tex\generic\pgf\math\pgfmathutil.code.tex)
(C:\CTEX\UserData\tex\generic\pgf\math\pgfmathparser.code.tex
\pgfmath@dimen=\dimen152
\pgfmath@count=\count172
\pgfmath@box=\box37
\pgfmath@toks=\toks24
\pgfmath@stack@operand=\toks25
\pgfmath@stack@operation=\toks26
)
(C:\CTEX\UserData\tex\generic\pgf\math\pgfmathfunctions.code.tex
(C:\CTEX\UserData\tex\generic\pgf\math\pgfmathfunctions.basic.code.tex)
(C:\CTEX\UserData\tex\generic\pgf\math\pgfmathfunctions.trigonometric.code.tex)
(C:\CTEX\UserData\tex\generic\pgf\math\pgfmathfunctions.random.code.tex)
(C:\CTEX\UserData\tex\generic\pgf\math\pgfmathfunctions.comparison.code.tex)
(C:\CTEX\UserData\tex\generic\pgf\math\pgfmathfunctions.base.code.tex)
(C:\CTEX\UserData\tex\generic\pgf\math\pgfmathfunctions.round.code.tex)
(C:\CTEX\UserData\tex\generic\pgf\math\pgfmathfunctions.misc.code.tex)
(C:\CTEX\UserData\tex\generic\pgf\math\pgfmathfunctions.integerarithmetics.code
.tex))) (C:\CTEX\UserData\tex\generic\pgf\math\pgfmathfloat.code.tex
\c@pgfmathroundto@lastzeros=\count173
))
(C:\CTEX\UserData\tex\generic\pgf\basiclayer\pgfcorepoints.code.tex
File: pgfcorepoints.code.tex 2013/10/07  (rcs-revision 1.27)
\pgf@picminx=\dimen153
\pgf@picmaxx=\dimen154
\pgf@picminy=\dimen155
\pgf@picmaxy=\dimen156
\pgf@pathminx=\dimen157
\pgf@pathmaxx=\dimen158
\pgf@pathminy=\dimen159
\pgf@pathmaxy=\dimen160
\pgf@xx=\dimen161
\pgf@xy=\dimen162
\pgf@yx=\dimen163
\pgf@yy=\dimen164
\pgf@zx=\dimen165
\pgf@zy=\dimen166
)
(C:\CTEX\UserData\tex\generic\pgf\basiclayer\pgfcorepathconstruct.code.tex
File: pgfcorepathconstruct.code.tex 2013/10/07  (rcs-revision 1.29)
\pgf@path@lastx=\dimen167
\pgf@path@lasty=\dimen168
)
(C:\CTEX\UserData\tex\generic\pgf\basiclayer\pgfcorepathusage.code.tex
File: pgfcorepathusage.code.tex 2014/11/02  (rcs-revision 1.24)
\pgf@shorten@end@additional=\dimen169
\pgf@shorten@start@additional=\dimen170
)
(C:\CTEX\UserData\tex\generic\pgf\basiclayer\pgfcorescopes.code.tex
File: pgfcorescopes.code.tex 2015/05/08  (rcs-revision 1.46)
\pgfpic=\box38
\pgf@hbox=\box39
\pgf@layerbox@main=\box40
\pgf@picture@serial@count=\count174
)
(C:\CTEX\UserData\tex\generic\pgf\basiclayer\pgfcoregraphicstate.code.tex
File: pgfcoregraphicstate.code.tex 2014/11/02  (rcs-revision 1.12)
\pgflinewidth=\dimen171
)
(C:\CTEX\UserData\tex\generic\pgf\basiclayer\pgfcoretransformations.code.tex
File: pgfcoretransformations.code.tex 2015/08/07  (rcs-revision 1.20)
\pgf@pt@x=\dimen172
\pgf@pt@y=\dimen173
\pgf@pt@temp=\dimen174
)
(C:\CTEX\UserData\tex\generic\pgf\basiclayer\pgfcorequick.code.tex
File: pgfcorequick.code.tex 2008/10/09  (rcs-revision 1.3)
)
(C:\CTEX\UserData\tex\generic\pgf\basiclayer\pgfcoreobjects.code.tex
File: pgfcoreobjects.code.tex 2006/10/11  (rcs-revision 1.2)
)
(C:\CTEX\UserData\tex\generic\pgf\basiclayer\pgfcorepathprocessing.code.tex
File: pgfcorepathprocessing.code.tex 2013/09/09  (rcs-revision 1.9)
)
(C:\CTEX\UserData\tex\generic\pgf\basiclayer\pgfcorearrows.code.tex
File: pgfcorearrows.code.tex 2015/05/14  (rcs-revision 1.43)
\pgfarrowsep=\dimen175
)
(C:\CTEX\UserData\tex\generic\pgf\basiclayer\pgfcoreshade.code.tex
File: pgfcoreshade.code.tex 2013/07/15  (rcs-revision 1.15)
\pgf@max=\dimen176
\pgf@sys@shading@range@num=\count175
)
(C:\CTEX\UserData\tex\generic\pgf\basiclayer\pgfcoreimage.code.tex
File: pgfcoreimage.code.tex 2013/07/15  (rcs-revision 1.18)

(C:\CTEX\UserData\tex\generic\pgf\basiclayer\pgfcoreexternal.code.tex
File: pgfcoreexternal.code.tex 2014/07/09  (rcs-revision 1.21)
\pgfexternal@startupbox=\box41
))
(C:\CTEX\UserData\tex\generic\pgf\basiclayer\pgfcorelayers.code.tex
File: pgfcorelayers.code.tex 2013/07/18  (rcs-revision 1.7)
)
(C:\CTEX\UserData\tex\generic\pgf\basiclayer\pgfcoretransparency.code.tex
File: pgfcoretransparency.code.tex 2013/09/30  (rcs-revision 1.5)
)
(C:\CTEX\UserData\tex\generic\pgf\basiclayer\pgfcorepatterns.code.tex
File: pgfcorepatterns.code.tex 2013/11/07  (rcs-revision 1.5)
)))
(C:\CTEX\UserData\tex\generic\pgf\modules\pgfmoduleshapes.code.tex
File: pgfmoduleshapes.code.tex 2014/03/21  (rcs-revision 1.35)
\pgfnodeparttextbox=\box42
)
(C:\CTEX\UserData\tex\generic\pgf\modules\pgfmoduleplot.code.tex
File: pgfmoduleplot.code.tex 2015/08/03  (rcs-revision 1.13)
)
(C:\CTEX\UserData\tex\latex\pgf\compatibility\pgfcomp-version-0-65.sty
Package: pgfcomp-version-0-65 2007/07/03 v3.0.1a (rcs-revision 1.7)
\pgf@nodesepstart=\dimen177
\pgf@nodesepend=\dimen178
)
(C:\CTEX\UserData\tex\latex\pgf\compatibility\pgfcomp-version-1-18.sty
Package: pgfcomp-version-1-18 2007/07/23 v3.0.1a (rcs-revision 1.1)
))
(C:\CTEX\UserData\tex\latex\pgf\utilities\pgffor.sty
(C:\CTEX\UserData\tex\latex\pgf\utilities\pgfkeys.sty
(C:\CTEX\UserData\tex\generic\pgf\utilities\pgfkeys.code.tex))
(C:\CTEX\UserData\tex\latex\pgf\math\pgfmath.sty
(C:\CTEX\UserData\tex\generic\pgf\math\pgfmath.code.tex))
(C:\CTEX\UserData\tex\generic\pgf\utilities\pgffor.code.tex
Package: pgffor 2013/12/13 v3.0.1a (rcs-revision 1.25)

(C:\CTEX\UserData\tex\generic\pgf\math\pgfmath.code.tex)
\pgffor@iter=\dimen179
\pgffor@skip=\dimen180
\pgffor@stack=\toks27
\pgffor@toks=\toks28
))
(C:\CTEX\UserData\tex\generic\pgf\frontendlayer\tikz\tikz.code.tex
Package: tikz 2015/08/07 v3.0.1a (rcs-revision 1.151)

(C:\CTEX\UserData\tex\generic\pgf\libraries\pgflibraryplothandlers.code.tex
File: pgflibraryplothandlers.code.tex 2013/08/31 v3.0.1a (rcs-revision 1.20)
\pgf@plot@mark@count=\count176
\pgfplotmarksize=\dimen181
)
\tikz@lastx=\dimen182
\tikz@lasty=\dimen183
\tikz@lastxsaved=\dimen184
\tikz@lastysaved=\dimen185
\tikzleveldistance=\dimen186
\tikzsiblingdistance=\dimen187
\tikz@figbox=\box43
\tikz@figbox@bg=\box44
\tikz@tempbox=\box45
\tikz@tempbox@bg=\box46
\tikztreelevel=\count177
\tikznumberofchildren=\count178
\tikznumberofcurrentchild=\count179
\tikz@fig@count=\count180

(C:\CTEX\UserData\tex\generic\pgf\modules\pgfmodulematrix.code.tex
File: pgfmodulematrix.code.tex 2013/09/17  (rcs-revision 1.8)
\pgfmatrixcurrentrow=\count181
\pgfmatrixcurrentcolumn=\count182
\pgf@matrix@numberofcolumns=\count183
)
\tikz@expandcount=\count184

(C:\CTEX\UserData\tex\generic\pgf\frontendlayer\tikz\libraries\tikzlibrarytopat
hs.code.tex
File: tikzlibrarytopaths.code.tex 2008/06/17 v3.0.1a (rcs-revision 1.2)
))) (C:\CTEX\MiKTeX\tex\latex\psnfss\pifont.sty
Package: pifont 2005/04/12 PSNFSS-v9.2a Pi font support (SPQR) 
LaTeX Font Info:    Try loading font information for U+pzd on input line 63.

(C:\CTEX\MiKTeX\tex\latex\psnfss\upzd.fd
File: upzd.fd 2001/06/04 font definitions for U/pzd.
)
LaTeX Font Info:    Try loading font information for U+psy on input line 64.

(C:\CTEX\MiKTeX\tex\latex\psnfss\upsy.fd
File: upsy.fd 2001/06/04 font definitions for U/psy.
))
(C:\CTEX\UserData\tex\generic\pgf\frontendlayer\tikz\libraries\tikzlibraryshape
s.geometric.code.tex
File: tikzlibraryshapes.geometric.code.tex 2008/01/09 v3.0.1a (rcs-revision 1.1
)

(C:\CTEX\UserData\tex\generic\pgf\libraries\shapes\pgflibraryshapes.geometric.c
ode.tex
File: pgflibraryshapes.geometric.code.tex 2008/06/26 v3.0.1a (rcs-revision 1.1)

))
(C:\CTEX\UserData\tex\generic\pgf\frontendlayer\tikz\libraries\tikzlibraryarrow
s.code.tex
File: tikzlibraryarrows.code.tex 2008/01/09 v3.0.1a (rcs-revision 1.1)

(C:\CTEX\UserData\tex\generic\pgf\libraries\pgflibraryarrows.code.tex
File: pgflibraryarrows.code.tex 2013/09/23 v3.0.1a (rcs-revision 1.16)
\arrowsize=\dimen188
))
(C:\CTEX\MiKTeX\tex\latex\geometry\geometry.sty
Package: geometry 2010/09/12 v5.6 Page Geometry

(C:\CTEX\MiKTeX\tex\generic\oberdiek\ifvtex.sty
Package: ifvtex 2010/03/01 v1.5 Switches for detecting VTeX and its modes (HO)
Package ifvtex Info: VTeX not detected.
)
\Gm@cnth=\count185
\Gm@cntv=\count186
\c@Gm@tempcnt=\count187
\Gm@bindingoffset=\dimen189
\Gm@wd@mp=\dimen190
\Gm@odd@mp=\dimen191
\Gm@even@mp=\dimen192
\Gm@layoutwidth=\dimen193
\Gm@layoutheight=\dimen194
\Gm@layouthoffset=\dimen195
\Gm@layoutvoffset=\dimen196
\Gm@dimlist=\toks29

(C:\CTEX\MiKTeX\tex\latex\geometry\geometry.cfg))
(C:\CTEX\MiKTeX\tex\latex\tools\verbatim.sty
Package: verbatim 2003/08/22 v1.5q LaTeX2e package for verbatim enhancements
\every@verbatim=\toks30
\verbatim@line=\toks31
\verbatim@in@stream=\read2
)
(C:\CTEX\MiKTeX\tex\latex\fancyhdr\fancyhdr.sty
\fancy@headwidth=\skip49
\f@ncyO@elh=\skip50
\f@ncyO@erh=\skip51
\f@ncyO@olh=\skip52
\f@ncyO@orh=\skip53
\f@ncyO@elf=\skip54
\f@ncyO@erf=\skip55
\f@ncyO@olf=\skip56
\f@ncyO@orf=\skip57
)
(C:\CTEX\MiKTeX\tex\latex\fancyhdr\extramarks.sty
\@temptokenb=\toks32
)
(C:\CTEX\MiKTeX\tex\latex\ams\math\amsmath.sty
Package: amsmath 2000/07/18 v2.13 AMS math features
\@mathmargin=\skip58

For additional information on amsmath, use the `?' option.
(C:\CTEX\MiKTeX\tex\latex\ams\math\amstext.sty
Package: amstext 2000/06/29 v2.01

(C:\CTEX\MiKTeX\tex\latex\ams\math\amsgen.sty
File: amsgen.sty 1999/11/30 v2.0
\@emptytoks=\toks33
\ex@=\dimen197
))
(C:\CTEX\MiKTeX\tex\latex\ams\math\amsbsy.sty
Package: amsbsy 1999/11/29 v1.2d
\pmbraise@=\dimen198
)
(C:\CTEX\MiKTeX\tex\latex\ams\math\amsopn.sty
Package: amsopn 1999/12/14 v2.01 operator names
)
\inf@bad=\count188
LaTeX Info: Redefining \frac on input line 211.
\uproot@=\count189
\leftroot@=\count190
LaTeX Info: Redefining \overline on input line 307.
\classnum@=\count191
\DOTSCASE@=\count192
LaTeX Info: Redefining \ldots on input line 379.
LaTeX Info: Redefining \dots on input line 382.
LaTeX Info: Redefining \cdots on input line 467.
\Mathstrutbox@=\box47
\strutbox@=\box48
\big@size=\dimen199
LaTeX Font Info:    Redeclaring font encoding OML on input line 567.
LaTeX Font Info:    Redeclaring font encoding OMS on input line 568.
\macc@depth=\count193
\c@MaxMatrixCols=\count194
\dotsspace@=\muskip10
\c@parentequation=\count195
\dspbrk@lvl=\count196
\tag@help=\toks34
\row@=\count197
\column@=\count198
\maxfields@=\count199
\andhelp@=\toks35
\eqnshift@=\dimen200
\alignsep@=\dimen201
Normal \dimen register pool exhausted, switching to extended pool.
\tagshift@=\dimen256
\tagwidth@=\dimen257
\totwidth@=\dimen258
\lineht@=\dimen259
\@envbody=\toks36
\multlinegap=\skip59
\multlinetaggap=\skip60
\mathdisplay@stack=\toks37
LaTeX Info: Redefining \[ on input line 2666.
LaTeX Info: Redefining \] on input line 2667.
)
(C:\CTEX\MiKTeX\tex\latex\ams\classes\amsthm.sty
Package: amsthm 2004/08/06 v2.20
\thm@style=\toks38
\thm@bodyfont=\toks39
\thm@headfont=\toks40
\thm@notefont=\toks41
\thm@headpunct=\toks42
\thm@preskip=\skip61
\thm@postskip=\skip62
\thm@headsep=\skip63
\dth@everypar=\toks43
)
(C:\CTEX\UserData\tex\latex\algorithms\algorithm.sty
Package: algorithm 2009/08/24 v0.1 Document Style `algorithm' - floating enviro
nment

(C:\CTEX\MiKTeX\tex\latex\float\float.sty
Package: float 2001/11/08 v1.3d Float enhancements (AL)
\c@float@type=\count200
\float@exts=\toks44
\float@box=\box49
\@float@everytoks=\toks45
\@floatcapt=\box50
)
(C:\CTEX\MiKTeX\tex\latex\base\ifthen.sty
Package: ifthen 2001/05/26 v1.1c Standard LaTeX ifthen package (DPC)
)
\@float@every@algorithm=\toks46
\c@algorithm=\count201
)
(C:\CTEX\UserData\tex\latex\algorithmicx\algpseudocode.sty
Package: algpseudocode 

(C:\CTEX\UserData\tex\latex\algorithmicx\algorithmicx.sty
Package: algorithmicx 2005/04/27 v1.2 Algorithmicx

Document Style algorithmicx 1.2 - a greatly improved `algorithmic' style
Normal \count register pool exhausted, switching to extended pool.
\c@ALG@line=\count277
\c@ALG@rem=\count278
\c@ALG@nested=\count279
\ALG@tlm=\skip64
\ALG@thistlm=\skip65
\c@ALG@Lnr=\count280
\c@ALG@blocknr=\count281
\c@ALG@storecount=\count282
\c@ALG@tmpcounter=\count283
\ALG@tmplength=\skip66
)
Document Style - pseudocode environments for use with the `algorithmicx' style
)
(C:\CTEX\UserData\tex\generic\pgf\frontendlayer\tikz\libraries\tikzlibraryautom
ata.code.tex
File: tikzlibraryautomata.code.tex 2008/07/14 v3.0.1a (rcs-revision 1.3)

(C:\CTEX\UserData\tex\generic\pgf\frontendlayer\tikz\libraries\tikzlibraryshape
s.multipart.code.tex
File: tikzlibraryshapes.multipart.code.tex 2008/01/09 v3.0.1a (rcs-revision 1.1
)

(C:\CTEX\UserData\tex\generic\pgf\libraries\shapes\pgflibraryshapes.multipart.c
ode.tex
File: pgflibraryshapes.multipart.code.tex 2010/01/07 v3.0.1a (rcs-revision 1.2)

\pgfnodepartlowerbox=\box51
\pgfnodeparttwobox=\box52
\pgfnodepartthreebox=\box53
\pgfnodepartfourbox=\box54
\pgfnodeparttwentybox=\box55
\pgfnodepartnineteenbox=\box56
\pgfnodeparteighteenbox=\box57
\pgfnodepartseventeenbox=\box58
\pgfnodepartsixteenbox=\box59
\pgfnodepartfifteenbox=\box60
\pgfnodepartfourteenbox=\box61
\pgfnodepartthirteenbox=\box62
\pgfnodeparttwelvebox=\box63
\pgfnodepartelevenbox=\box64
\pgfnodeparttenbox=\box65
\pgfnodepartninebox=\box66
\pgfnodeparteightbox=\box67
\pgfnodepartsevenbox=\box68
\pgfnodepartsixbox=\box69
\pgfnodepartfivebox=\box70
)))
(C:\CTEX\UserData\tex\generic\pgf\frontendlayer\tikz\libraries\tikzlibraryposit
ioning.code.tex
File: tikzlibrarypositioning.code.tex 2008/10/06 v3.0.1a (rcs-revision 1.7)
)

LaTeX Warning: Unused global option(s):
    [Unicode].


(C:\Users\ASUS\Desktop\CGDesign\NJU_CG\161240005_5æœˆæŠ¥å‘Š\161240005é™ˆå‹‡è™ŽC
G\161240005_5æœˆæŠ¥å‘Š.aux)
LaTeX Font Info:    Checking defaults for OML/cmm/m/it on input line 35.
LaTeX Font Info:    ... okay on input line 35.
LaTeX Font Info:    Checking defaults for T1/cmr/m/n on input line 35.
LaTeX Font Info:    ... okay on input line 35.
LaTeX Font Info:    Checking defaults for OT1/cmr/m/n on input line 35.
LaTeX Font Info:    ... okay on input line 35.
LaTeX Font Info:    Checking defaults for OMS/cmsy/m/n on input line 35.
LaTeX Font Info:    ... okay on input line 35.
LaTeX Font Info:    Checking defaults for OMX/cmex/m/n on input line 35.
LaTeX Font Info:    ... okay on input line 35.
LaTeX Font Info:    Checking defaults for U/cmr/m/n on input line 35.
LaTeX Font Info:    ... okay on input line 35.
LaTeX Font Info:    Checking defaults for TS1/cmr/m/n on input line 35.
LaTeX Font Info:    ... okay on input line 35.
LaTeX Font Info:    Checking defaults for C00/song/m/n on input line 35.
LaTeX Font Info:    ... okay on input line 35.
LaTeX Font Info:    Checking defaults for C05/song/m/n on input line 35.
LaTeX Font Info:    ... okay on input line 35.
LaTeX Font Info:    Checking defaults for C09/song/m/n on input line 35.
LaTeX Font Info:    ... okay on input line 35.
LaTeX Font Info:    Checking defaults for C10/song/m/n on input line 35.
LaTeX Font Info:    ... okay on input line 35.
LaTeX Font Info:    Checking defaults for C20/song/m/n on input line 35.
LaTeX Font Info:    ... okay on input line 35.
LaTeX Font Info:    Checking defaults for C19/song/m/n on input line 35.
LaTeX Font Info:    ... okay on input line 35.
LaTeX Font Info:    Checking defaults for C40/song/m/n on input line 35.
LaTeX Font Info:    ... okay on input line 35.
LaTeX Font Info:    Checking defaults for C42/song/m/n on input line 35.
LaTeX Font Info:    ... okay on input line 35.
LaTeX Font Info:    Checking defaults for C43/song/m/n on input line 35.
LaTeX Font Info:    ... okay on input line 35.
LaTeX Font Info:    Checking defaults for C50/song/m/n on input line 35.
LaTeX Font Info:    ... okay on input line 35.
LaTeX Font Info:    Checking defaults for C52/song/m/n on input line 35.
LaTeX Font Info:    ... okay on input line 35.
LaTeX Font Info:    Checking defaults for C49/song/m/n on input line 35.
LaTeX Font Info:    ... okay on input line 35.
LaTeX Font Info:    Checking defaults for C60/mj/m/n on input line 35.
LaTeX Font Info:    ... okay on input line 35.
LaTeX Font Info:    Checking defaults for C61/mj/m/n on input line 35.
LaTeX Font Info:    ... okay on input line 35.
LaTeX Font Info:    Checking defaults for C63/mj/m/n on input line 35.
LaTeX Font Info:    ... okay on input line 35.
LaTeX Font Info:    Checking defaults for C64/mj/m/n on input line 35.
LaTeX Font Info:    ... okay on input line 35.
LaTeX Font Info:    Checking defaults for C65/mj/m/n on input line 35.
LaTeX Font Info:    ... okay on input line 35.
LaTeX Font Info:    Checking defaults for C70/song/m/n on input line 35.
LaTeX Font Info:    ... okay on input line 35.
LaTeX Font Info:    Checking defaults for C31/song/m/n on input line 35.
LaTeX Font Info:    ... okay on input line 35.
LaTeX Font Info:    Checking defaults for C32/song/m/n on input line 35.
LaTeX Font Info:    ... okay on input line 35.
LaTeX Font Info:    Checking defaults for C33/song/m/n on input line 35.
LaTeX Font Info:    ... okay on input line 35.
LaTeX Font Info:    Checking defaults for C34/song/m/n on input line 35.
LaTeX Font Info:    ... okay on input line 35.
LaTeX Font Info:    Checking defaults for C35/song/m/n on input line 35.
LaTeX Font Info:    ... okay on input line 35.
LaTeX Font Info:    Checking defaults for C36/song/m/n on input line 35.
LaTeX Font Info:    ... okay on input line 35.
LaTeX Font Info:    Checking defaults for C37/song/m/n on input line 35.
LaTeX Font Info:    ... okay on input line 35.
LaTeX Font Info:    Checking defaults for C80/song/m/n on input line 35.
LaTeX Font Info:    ... okay on input line 35.
LaTeX Font Info:    Checking defaults for C81/song/m/n on input line 35.
LaTeX Font Info:    ... okay on input line 35.
LaTeX Font Info:    Checking defaults for C01/song/m/n on input line 35.
LaTeX Font Info:    ... okay on input line 35.
LaTeX Font Info:    Checking defaults for C11/song/m/n on input line 35.
LaTeX Font Info:    ... okay on input line 35.
LaTeX Font Info:    Checking defaults for C21/song/m/n on input line 35.
LaTeX Font Info:    ... okay on input line 35.
LaTeX Font Info:    Checking defaults for C41/song/m/n on input line 35.
LaTeX Font Info:    ... okay on input line 35.
LaTeX Font Info:    Checking defaults for C62/song/m/n on input line 35.
LaTeX Font Info:    ... okay on input line 35.
LaTeX Font Info:    Try loading font information for OT1+ptm on input line 35.
 (C:\CTEX\MiKTeX\tex\latex\psnfss\ot1ptm.fd
File: ot1ptm.fd 2001/06/04 font definitions for OT1/ptm.
)
(C:\CTEX\MiKTeX\tex\context\base\supp-pdf.mkii
[Loading MPS to PDF converter (version 2006.09.02).]
\scratchcounter=\count284
\scratchdimen=\dimen260
\scratchbox=\box71
\nofMPsegments=\count285
\nofMParguments=\count286
\everyMPshowfont=\toks47
\MPscratchCnt=\count287
\MPscratchDim=\dimen261
\MPnumerator=\count288
\makeMPintoPDFobject=\count289
\everyMPtoPDFconversion=\toks48
) ABD: EveryShipout initializing macros
*geometry* driver: auto-detecting
*geometry* detected driver: pdftex
*geometry* verbose mode - [ preamble ] result:
* driver: pdftex
* paper: a4paper
* layout: <same size as paper>
* layoutoffset:(h,v)=(0.0pt,0.0pt)
* modes: 
* h-part:(L,W,R)=(85.35826pt, 426.79135pt, 85.35826pt)
* v-part:(T,H,B)=(56.9055pt, 731.23584pt, 56.9055pt)
* \paperwidth=597.50787pt
* \paperheight=845.04684pt
* \textwidth=426.79135pt
* \textheight=731.23584pt
* \oddsidemargin=13.08827pt
* \evensidemargin=13.08827pt
* \topmargin=-52.36449pt
* \headheight=12.0pt
* \headsep=25.0pt
* \topskip=11.0pt
* \footskip=30.0pt
* \marginparwidth=50.0pt
* \marginparsep=10.0pt
* \columnsep=10.0pt
* \skip\footins=10.0pt plus 4.0pt minus 2.0pt
* \hoffset=0.0pt
* \voffset=0.0pt
* \mag=1000
* \@twocolumnfalse
* \@twosidefalse
* \@mparswitchfalse
* \@reversemarginfalse
* (1in=72.27pt=25.4mm, 1cm=28.453pt)

(C:\CTEX\MiKTeX\tex\latex\cjk\standard.bdg
File: standard.bdg 2008/12/29 4.8.2
)
(C:\CTEX\MiKTeX\tex\latex\cjk\extended.enc
File: extended.enc 2008/12/29 4.8.2
)
(C:\CTEX\MiKTeX\tex\latex\cjk\extended.chr
File: extended.chr 2008/12/29 4.8.2
)
LaTeX Font Info:    Font shape `OT1/ptm/bx/n' in size <17.28> not available
(Font)              Font shape `OT1/ptm/b/n' tried instead on input line 38.
LaTeX Font Info:    Try loading font information for C19+rm on input line 38.

(C:\CTEX\MiKTeX\tex\latex\ctex\fd\c19rm.fd
File: c19rm.fd 2007/05/06 v0.8a ctex font definition file
)
Package CJKpunct Info: punctuation spaces for family 'zhhei' do not exist. Use 
family 'def' instead. on input line 38.
LaTeX Font Info:    Try loading font information for U+msa on input line 38.

(C:\CTEX\MiKTeX\tex\latex\amsfonts\umsa.fd
File: umsa.fd 2009/06/22 v3.00 AMS symbols A
)
LaTeX Font Info:    Try loading font information for U+msb on input line 38.

(C:\CTEX\MiKTeX\tex\latex\amsfonts\umsb.fd
File: umsb.fd 2009/06/22 v3.00 AMS symbols B
)
LaTeX Font Info:    Font shape `OT1/ptm/bx/n' in size <14.4> not available
(Font)              Font shape `OT1/ptm/b/n' tried instead on input line 40.
Package CJKpunct Info: punctuation spaces for family 'zhsong' do not exist. Use
 family 'def' instead. on input line 41.
LaTeX Font Info:    Font shape `OT1/ptm/bx/n' in size <12> not available
(Font)              Font shape `OT1/ptm/b/n' tried instead on input line 45.
LaTeX Font Info:    Font shape `OT1/ptm/bx/n' in size <10.95> not available
(Font)              Font shape `OT1/ptm/b/n' tried instead on input line 46.
 [1

] [2] [3] [4] [5] [6]
Overfull \hbox (42.50674pt too wide) in paragraph at lines 400--407
 $[]$ 
 []

[7]
Overfull \hbox (40.08319pt too wide) in paragraph at lines 443--444
[]\OT1/ptm/m/n/10.95 de Boor\C19/rm/m/n/10.95/56 Ž \C19/rm/m/n/10.95/41 { \C19/
rm/m/n/10.95/62 k \C19/rm/m/n/10.95/65 X \C19/rm/m/n/10.95/64 † \C19/rm/m/n/10.
95/43 * \C19/rm/m/n/10.95/40  \C19/rm/m/n/10.95/45 A \C19/rm/m/n/10.95/43 Û \C
19/rm/m/n/10.95/61 ¿ Â\OT1/ptm/m/n/10.95 ,\C19/rm/m/n/10.95/45 = \C19/rm/m/n/10
.95/61 ± \C19/rm/m/n/10.95/59 ‚ \C19/rm/m/n/10.95/40 ã$\OML/cmm/m/it/10.95 P[]P
[]$\C19/rm/m/n/10.95/42  \C19/rm/m/n/10.95/54  \C19/rm/m/n/10.95/46 $\OML/cm
m/m/it/10.95 P[]$|\C19/rm/m/n/10.95/26 §| \C19/rm/m/n/10.95/39 l \C19/rm/m/n/10
.95/40 õ \C19/rm/m/n/10.95/37 > \C19/rm/m/n/10.95/60 /$\OML/cmm/m/it/10.95 P[]P
[]:::P[]$|\C19/rm/m/n/10.95/26 §|
 []

<images/Bspline.jpg, id=93, 449.42906pt x 330.48468pt>
File: images/Bspline.jpg Graphic file (type jpg)

<use images/Bspline.jpg>
Package pdftex.def Info: images/Bspline.jpg used on input line 445.
(pdftex.def)             Requested size: 224.71397pt x 165.24193pt.
 [8 <C:/Users/ASUS/Desktop/CGDesign/NJU_CG/161240005_5æœˆæŠ¥å‘Š/161240005é™ˆå‹‡
è™ŽCG/images/Bspline.jpg>]
<images/clip1code.jpg, id=97, 325.215pt x 235.63031pt>
File: images/clip1code.jpg Graphic file (type jpg)

<use images/clip1code.jpg>
Package pdftex.def Info: images/clip1code.jpg used on input line 456.
(pdftex.def)             Requested size: 227.64894pt x 164.94008pt.
 [9 <C:/Users/ASUS/Desktop/CGDesign/NJU_CG/161240005_5æœˆæŠ¥å‘Š/161240005é™ˆå‹‡
è™ŽCG/images/clip1code.jpg>]
<images/clip1example.jpg, id=102, 435.87843pt x 355.3275pt>
File: images/clip1example.jpg Graphic file (type jpg)

<use images/clip1example.jpg>
Package pdftex.def Info: images/clip1example.jpg used on input line 481.
(pdftex.def)             Requested size: 305.11282pt x 248.72754pt.

<images/clip2example.jpg, id=103, 389.95688pt x 312.41719pt>
File: images/clip2example.jpg Graphic file (type jpg)

<use images/clip2example.jpg>
Package pdftex.def Info: images/clip2example.jpg used on input line 487.
(pdftex.def)             Requested size: 272.96794pt x 218.69052pt.
 [10 <C:/Users/ASUS/Desktop/CGDesign/NJU_CG/161240005_5æœˆæŠ¥å‘Š/161240005é™ˆå‹
‡è™ŽCG/images/clip1example.jpg> <C:/Users/ASUS/Desktop/CGDesign/NJU_CG/16124000
5_5æœˆæŠ¥å‘Š/161240005é™ˆå‹‡è™ŽCG/images/clip2example.jpg>] <images/SystemView.
jpg, id=107, 423.08063pt x 389.20406pt>
File: images/SystemView.jpg Graphic file (type jpg)

<use images/SystemView.jpg>
Package pdftex.def Info: images/SystemView.jpg used on input line 536.
(pdftex.def)             Requested size: 253.85033pt x 233.52423pt.
 [11]
<images/Main_Window.jpg, id=111, 487.06969pt x 529.22719pt>
File: images/Main_Window.jpg Graphic file (type jpg)

<use images/Main_Window.jpg>
Package pdftex.def Info: images/Main_Window.jpg used on input line 541.
(pdftex.def)             Requested size: 292.24405pt x 317.53876pt.

<images/Canvas.jpg, id=112, 478.03593pt x 362.10281pt>
File: images/Canvas.jpg Graphic file (type jpg)
 <use images/Canvas.jpg>
Package pdftex.def Info: images/Canvas.jpg used on input line 545.
(pdftex.def)             Requested size: 286.82376pt x 217.26335pt.

[12 <C:/Users/ASUS/Desktop/CGDesign/NJU_CG/161240005_5æœˆæŠ¥å‘Š/161240005é™ˆå‹‡
è™ŽCG/images/SystemView.jpg> <C:/Users/ASUS/Desktop/CGDesign/NJU_CG/161240005_5
æœˆæŠ¥å‘Š/161240005é™ˆå‹‡è™ŽCG/images/Main_Window.jpg>]
<images/Command.jpg, id=118, 529.22719pt x 544.28343pt>
File: images/Command.jpg Graphic file (type jpg)

<use images/Command.jpg>
Package pdftex.def Info: images/Command.jpg used on input line 549.
(pdftex.def)             Requested size: 317.53876pt x 326.57257pt.
 [13 <C:/Users/ASUS/Desktop/CGDesign/NJU_CG/161240005_5æœˆæŠ¥å‘Š/161240005é™ˆå‹
‡è™ŽCG/images/Canvas.jpg> <C:/Users/ASUS/Desktop/CGDesign/NJU_CG/161240005_5æœˆ
æŠ¥å‘Š/161240005é™ˆå‹‡è™ŽCG/images/Command.jpg>]
[14] <images/reset_icon.png, id=128, 18.0675pt x 18.0675pt>
File: images/reset_icon.png Graphic file (type png)

<use images/reset_icon.png>
Package pdftex.def Info: images/reset_icon.png used on input line 627.
(pdftex.def)             Requested size: 9.03372pt x 9.03372pt.
 [15 <C:/Users/ASUS/Desktop/CGDesign/NJU_CG/161240005_5æœˆæŠ¥å‘Š/161240005é™ˆå‹
‡è™ŽCG/images/reset_icon.png>]
<images/save_icon.png, id=134, 22.58438pt x 22.58438pt>
File: images/save_icon.png Graphic file (type png)

<use images/save_icon.png>
Package pdftex.def Info: images/save_icon.png used on input line 630.
(pdftex.def)             Requested size: 11.29214pt x 11.29214pt.

<images/color_icon.png, id=135, 18.0675pt x 18.0675pt>
File: images/color_icon.png Graphic file (type png)

<use images/color_icon.png>
Package pdftex.def Info: images/color_icon.png used on input line 633.
(pdftex.def)             Requested size: 9.03372pt x 9.03372pt.

<images/line_icon.png, id=136, 22.58438pt x 22.58438pt>
File: images/line_icon.png Graphic file (type png)

<use images/line_icon.png>
Package pdftex.def Info: images/line_icon.png used on input line 636.
(pdftex.def)             Requested size: 11.29214pt x 11.29214pt.

<images/line_icon_DDA.png, id=137, 18.0675pt x 18.0675pt>
File: images/line_icon_DDA.png Graphic file (type png)

<use images/line_icon_DDA.png>
Package pdftex.def Info: images/line_icon_DDA.png used on input line 639.
(pdftex.def)             Requested size: 9.03372pt x 9.03372pt.

<images/polygon_icon.png, id=138, 22.58438pt x 22.58438pt>
File: images/polygon_icon.png Graphic file (type png)

<use images/polygon_icon.png>
Package pdftex.def Info: images/polygon_icon.png used on input line 642.
(pdftex.def)             Requested size: 11.29214pt x 11.29214pt.

<images/polygon_fill_icon.png, id=139, 18.0675pt x 18.0675pt>
File: images/polygon_fill_icon.png Graphic file (type png)

<use images/polygon_fill_icon.png>
Package pdftex.def Info: images/polygon_fill_icon.png used on input line 645.
(pdftex.def)             Requested size: 9.03372pt x 9.03372pt.

<images/ellipse_icon.png, id=140, 22.58438pt x 22.58438pt>
File: images/ellipse_icon.png Graphic file (type png)

<use images/ellipse_icon.png>
Package pdftex.def Info: images/ellipse_icon.png used on input line 648.
(pdftex.def)             Requested size: 11.29214pt x 11.29214pt.

<images/curve_icon.png, id=141, 22.58438pt x 22.58438pt>
File: images/curve_icon.png Graphic file (type png)

<use images/curve_icon.png>
Package pdftex.def Info: images/curve_icon.png used on input line 651.
(pdftex.def)             Requested size: 11.29214pt x 11.29214pt.

<images/curve_icon_Bspline.png, id=142, 18.0675pt x 18.0675pt>
File: images/curve_icon_Bspline.png Graphic file (type png)

<use images/curve_icon_Bspline.png>
Package pdftex.def Info: images/curve_icon_Bspline.png used on input line 654.
(pdftex.def)             Requested size: 9.03372pt x 9.03372pt.

<images/translate_icon.png, id=143, 18.0675pt x 18.0675pt>
File: images/translate_icon.png Graphic file (type png)

<use images/translate_icon.png>
Package pdftex.def Info: images/translate_icon.png used on input line 657.
(pdftex.def)             Requested size: 9.03372pt x 9.03372pt.

<images/rotate_icon.png, id=144, 18.0675pt x 18.0675pt>
File: images/rotate_icon.png Graphic file (type png)

<use images/rotate_icon.png>
Package pdftex.def Info: images/rotate_icon.png used on input line 660.
(pdftex.def)             Requested size: 9.03372pt x 9.03372pt.
 [16 <C:/Users/ASUS/Desktop/CGDesign/NJU_CG/161240005_5æœˆæŠ¥å‘Š/161240005é™ˆå‹
‡è™ŽCG/images/save_icon.png> <C:/Users/ASUS/Desktop/CGDesign/NJU_CG/161240005_5
æœˆæŠ¥å‘Š/161240005é™ˆå‹‡è™ŽCG/images/color_icon.png> <C:/Users/ASUS/Desktop/CG
Design/NJU_CG/161240005_5æœˆæŠ¥å‘Š/161240005é™ˆå‹‡è™ŽCG/images/line_icon.png> <
C:/Users/ASUS/Desktop/CGDesign/NJU_CG/161240005_5æœˆæŠ¥å‘Š/161240005é™ˆå‹‡è™ŽCG
/images/line_icon_DDA.png> <C:/Users/ASUS/Desktop/CGDesign/NJU_CG/161240005_5æœ
ˆæŠ¥å‘Š/161240005é™ˆå‹‡è™ŽCG/images/polygon_icon.png> <C:/Users/ASUS/Desktop/CG
Design/NJU_CG/161240005_5æœˆæŠ¥å‘Š/161240005é™ˆå‹‡è™ŽCG/images/polygon_fill_ico
n.png> <C:/Users/ASUS/Desktop/CGDesign/NJU_CG/161240005_5æœˆæŠ¥å‘Š/161240005é™ˆ
å‹‡è™ŽCG/images/ellipse_icon.png> <C:/Users/ASUS/Desktop/CGDesign/NJU_CG/161240
005_5æœˆæŠ¥å‘Š/161240005é™ˆå‹‡è™ŽCG/images/curve_icon.png> <C:/Users/ASUS/Deskt
op/CGDesign/NJU_CG/161240005_5æœˆæŠ¥å‘Š/161240005é™ˆå‹‡è™ŽCG/images/curve_icon_
Bspline.png> <C:/Users/ASUS/Desktop/CGDesign/NJU_CG/161240005_5æœˆæŠ¥å‘Š/161240
005é™ˆå‹‡è™ŽCG/images/translate_icon.png>]
<images/scale_icon.png, id=159, 18.0675pt x 18.0675pt>
File: images/scale_icon.png Graphic file (type png)

<use images/scale_icon.png>
Package pdftex.def Info: images/scale_icon.png used on input line 663.
(pdftex.def)             Requested size: 9.03372pt x 9.03372pt.

<images/delete_icon.png, id=160, 18.0675pt x 18.0675pt>
File: images/delete_icon.png Graphic file (type png)

<use images/delete_icon.png>
Package pdftex.def Info: images/delete_icon.png used on input line 666.
(pdftex.def)             Requested size: 9.03372pt x 9.03372pt.
File: images/reset_icon.png Graphic file (type png)
 <use images/reset_icon.png>
Package pdftex.def Info: images/reset_icon.png used on input line 697.
(pdftex.def)             Requested size: 9.03372pt x 9.03372pt.
 [17 <C:/Users/ASUS/Desktop/CGDesign/NJU_CG/161240005_5æœˆæŠ¥å‘Š/161240005é™ˆå‹
‡è™ŽCG/images/rotate_icon.png> <C:/Users/ASUS/Desktop/CGDesign/NJU_CG/161240005
_5æœˆæŠ¥å‘Š/161240005é™ˆå‹‡è™ŽCG/images/scale_icon.png> <C:/Users/ASUS/Desktop/
CGDesign/NJU_CG/161240005_5æœˆæŠ¥å‘Š/161240005é™ˆå‹‡è™ŽCG/images/delete_icon.pn
g>]
<images/resetCanvas_mouse.jpg, id=168, 501.37312pt x 400.49625pt>
File: images/resetCanvas_mouse.jpg Graphic file (type jpg)

<use images/resetCanvas_mouse.jpg>
Package pdftex.def Info: images/resetCanvas_mouse.jpg used on input line 700.
(pdftex.def)             Requested size: 200.54568pt x 160.19566pt.
File: images/save_icon.png Graphic file (type png)
 <use images/save_icon.png>
Package pdftex.def Info: images/save_icon.png used on input line 704.
(pdftex.def)             Requested size: 11.29214pt x 11.29214pt.

<images/saveCanvas_mouse.jpg, id=169, 504.38437pt x 465.23813pt>
File: images/saveCanvas_mouse.jpg Graphic file (type jpg)

<use images/saveCanvas_mouse.jpg>
Package pdftex.def Info: images/saveCanvas_mouse.jpg used on input line 707.
(pdftex.def)             Requested size: 201.75017pt x 186.09195pt.
File: images/color_icon.png Graphic file (type png)
 <use images/color_icon.png>
Package pdftex.def Info: images/color_icon.png used on input line 712.
(pdftex.def)             Requested size: 9.03372pt x 9.03372pt.

<images/setColor_mouse_before.jpg, id=170, 502.87875pt x 403.5075pt>
File: images/setColor_mouse_before.jpg Graphic file (type jpg)

<use images/setColor_mouse_before.jpg>
Package pdftex.def Info: images/setColor_mouse_before.jpg used on input line 71
5.
(pdftex.def)             Requested size: 201.14793pt x 161.40013pt.
 [18 <C:/Users/ASUS/Desktop/CGDesign/NJU_CG/161240005_5æœˆæŠ¥å‘Š/161240005é™ˆå‹
‡è™ŽCG/images/resetCanvas_mouse.jpg> <C:/Users/ASUS/Desktop/CGDesign/NJU_CG/161
240005_5æœˆæŠ¥å‘Š/161240005é™ˆå‹‡è™ŽCG/images/saveCanvas_mouse.jpg> <C:/Users/A
SUS/Desktop/CGDesign/NJU_CG/161240005_5æœˆæŠ¥å‘Š/161240005é™ˆå‹‡è™ŽCG/images/se
tColor_mouse_before.jpg>]
<images/setColor_mouse_later.jpg, id=174, 499.8675pt x 403.5075pt>
File: images/setColor_mouse_later.jpg Graphic file (type jpg)

<use images/setColor_mouse_later.jpg>
Package pdftex.def Info: images/setColor_mouse_later.jpg used on input line 719
.
(pdftex.def)             Requested size: 199.94345pt x 161.40013pt.
File: images/line_icon.png Graphic file (type png)
 <use images/line_icon.png>
Package pdftex.def Info: images/line_icon.png used on input line 722.
(pdftex.def)             Requested size: 11.29214pt x 11.29214pt.

<images/drawLine_mouse_Bresenham.jpg, id=175, 524.71031pt x 450.18187pt>
File: images/drawLine_mouse_Bresenham.jpg Graphic file (type jpg)

<use images/drawLine_mouse_Bresenham.jpg>
Package pdftex.def Info: images/drawLine_mouse_Bresenham.jpg used on input line
 725.
(pdftex.def)             Requested size: 209.8804pt x 180.06955pt.
File: images/line_icon_DDA.png Graphic file (type png)
 <use images/line_icon_DDA.png>
Package pdftex.def Info: images/line_icon_DDA.png used on input line 728.
(pdftex.def)             Requested size: 9.03372pt x 9.03372pt.

<images/drawLine_mouse_DDA.jpg, id=176, 524.71031pt x 456.20438pt>
File: images/drawLine_mouse_DDA.jpg Graphic file (type jpg)

<use images/drawLine_mouse_DDA.jpg>
Package pdftex.def Info: images/drawLine_mouse_DDA.jpg used on input line 731.
(pdftex.def)             Requested size: 209.8804pt x 182.4785pt.
File: images/polygon_icon.png Graphic file (type png)
 <use images/polygon_icon.png>
Package pdftex.def Info: images/polygon_icon.png used on input line 734.
(pdftex.def)             Requested size: 11.29214pt x 11.29214pt.

<images/drawPolygon_mouse_Bresenham.jpg, id=177, 523.20468pt x 465.23813pt>
File: images/drawPolygon_mouse_Bresenham.jpg Graphic file (type jpg)

<use images/drawPolygon_mouse_Bresenham.jpg>
Package pdftex.def Info: images/drawPolygon_mouse_Bresenham.jpg used on input l
ine 737.
(pdftex.def)             Requested size: 209.27815pt x 186.09195pt.
 [19 <C:/Users/ASUS/Desktop/CGDesign/NJU_CG/161240005_5æœˆæŠ¥å‘Š/161240005é™ˆå‹
‡è™ŽCG/images/setColor_mouse_later.jpg> <C:/Users/ASUS/Desktop/CGDesign/NJU_CG/
161240005_5æœˆæŠ¥å‘Š/161240005é™ˆå‹‡è™ŽCG/images/drawLine_mouse_Bresenham.jpg> 
<C:/Users/ASUS/Desktop/CGDesign/NJU_CG/161240005_5æœˆæŠ¥å‘Š/161240005é™ˆå‹‡è™ŽC
G/images/drawLine_mouse_DDA.jpg>]
File: images/polygon_fill_icon.png Graphic file (type png)

<use images/polygon_fill_icon.png>
Package pdftex.def Info: images/polygon_fill_icon.png used on input line 740.
(pdftex.def)             Requested size: 9.03372pt x 9.03372pt.

<images/drawPolygon_mouse_DDA.jpg, id=182, 523.20468pt x 456.95718pt>
File: images/drawPolygon_mouse_DDA.jpg Graphic file (type jpg)

<use images/drawPolygon_mouse_DDA.jpg>
Package pdftex.def Info: images/drawPolygon_mouse_DDA.jpg used on input line 74
3.
(pdftex.def)             Requested size: 209.27815pt x 182.77963pt.
File: images/ellipse_icon.png Graphic file (type png)
 <use images/ellipse_icon.png>
Package pdftex.def Info: images/ellipse_icon.png used on input line 746.
(pdftex.def)             Requested size: 11.29214pt x 11.29214pt.

<images/drawEllipse_mouse_before.jpg, id=183, 517.18219pt x 453.19313pt>
File: images/drawEllipse_mouse_before.jpg Graphic file (type jpg)

<use images/drawEllipse_mouse_before.jpg>
Package pdftex.def Info: images/drawEllipse_mouse_before.jpg used on input line
 749.
(pdftex.def)             Requested size: 206.8692pt x 181.27403pt.

<images/drawEllipse_mouse_later.jpg, id=184, 528.47438pt x 456.20438pt>
File: images/drawEllipse_mouse_later.jpg Graphic file (type jpg)

<use images/drawEllipse_mouse_later.jpg>
Package pdftex.def Info: images/drawEllipse_mouse_later.jpg used on input line 
753.
(pdftex.def)             Requested size: 211.386pt x 182.4785pt.
 [20 <C:/Users/ASUS/Desktop/CGDesign/NJU_CG/161240005_5æœˆæŠ¥å‘Š/161240005é™ˆå‹
‡è™ŽCG/images/drawPolygon_mouse_Bresenham.jpg> <C:/Users/ASUS/Desktop/CGDesign/
NJU_CG/161240005_5æœˆæŠ¥å‘Š/161240005é™ˆå‹‡è™ŽCG/images/drawPolygon_mouse_DDA.j
pg> <C:/Users/ASUS/Desktop/CGDesign/NJU_CG/161240005_5æœˆæŠ¥å‘Š/161240005é™ˆå‹‡
è™ŽCG/images/drawEllipse_mouse_before.jpg>]
File: images/curve_icon.png Graphic file (type png)
 <use images/curve_icon.png>
Package pdftex.def Info: images/curve_icon.png used on input line 756.
(pdftex.def)             Requested size: 11.29214pt x 11.29214pt.

<images/drawCurve_mouse_Bezier.jpg, id=188, 523.9575pt x 477.28313pt>
File: images/drawCurve_mouse_Bezier.jpg Graphic file (type jpg)

<use images/drawCurve_mouse_Bezier.jpg>
Package pdftex.def Info: images/drawCurve_mouse_Bezier.jpg used on input line 7
59.
(pdftex.def)             Requested size: 209.57928pt x 190.90987pt.
File: images/curve_icon_Bspline.png Graphic file (type png)
 <use images/curve_icon_Bspline.png>
Package pdftex.def Info: images/curve_icon_Bspline.png used on input line 762.
(pdftex.def)             Requested size: 9.03372pt x 9.03372pt.

<images/drawCurve_mouse_Bspline.jpg, id=189, 519.44063pt x 462.22687pt>
File: images/drawCurve_mouse_Bspline.jpg Graphic file (type jpg)

<use images/drawCurve_mouse_Bspline.jpg>
Package pdftex.def Info: images/drawCurve_mouse_Bspline.jpg used on input line 
765.
(pdftex.def)             Requested size: 207.77257pt x 184.88747pt.

Underfull \hbox (badness 10000) in paragraph at lines 767--768

 []

<images/translate_mouse_before.jpg, id=190, 525.46312pt x 504.38437pt>
File: images/translate_mouse_before.jpg Graphic file (type jpg)

<use images/translate_mouse_before.jpg>
Package pdftex.def Info: images/translate_mouse_before.jpg used on input line 7
69.
(pdftex.def)             Requested size: 210.18152pt x 201.75017pt.
 [21 <C:/Users/ASUS/Desktop/CGDesign/NJU_CG/161240005_5æœˆæŠ¥å‘Š/161240005é™ˆå‹
‡è™ŽCG/images/drawEllipse_mouse_later.jpg> <C:/Users/ASUS/Desktop/CGDesign/NJU_
CG/161240005_5æœˆæŠ¥å‘Š/161240005é™ˆå‹‡è™ŽCG/images/drawCurve_mouse_Bezier.jpg>
 <C:/Users/ASUS/Desktop/CGDesign/NJU_CG/161240005_5æœˆæŠ¥å‘Š/161240005é™ˆå‹‡è™Ž
CG/images/drawCurve_mouse_Bspline.jpg>]
File: images/translate_icon.png Graphic file (type png)

<use images/translate_icon.png>
Package pdftex.def Info: images/translate_icon.png used on input line 771.
(pdftex.def)             Requested size: 9.03372pt x 9.03372pt.

<images/translate_mouse_later.jpg, id=194, 523.20468pt x 508.14844pt>
File: images/translate_mouse_later.jpg Graphic file (type jpg)

<use images/translate_mouse_later.jpg>
Package pdftex.def Info: images/translate_mouse_later.jpg used on input line 77
4.
(pdftex.def)             Requested size: 209.27815pt x 203.25577pt.
File: images/rotate_icon.png Graphic file (type png)
 <use images/rotate_icon.png>
Package pdftex.def Info: images/rotate_icon.png used on input line 777.
(pdftex.def)             Requested size: 9.03372pt x 9.03372pt.

<images/rotate_mouse_before.jpg, id=195, 523.20468pt x 525.46312pt>
File: images/rotate_mouse_before.jpg Graphic file (type jpg)

<use images/rotate_mouse_before.jpg>
Package pdftex.def Info: images/rotate_mouse_before.jpg used on input line 779.

(pdftex.def)             Requested size: 209.27815pt x 210.18152pt.
 [22 <C:/Users/ASUS/Desktop/CGDesign/NJU_CG/161240005_5æœˆæŠ¥å‘Š/161240005é™ˆå‹
‡è™ŽCG/images/translate_mouse_before.jpg> <C:/Users/ASUS/Desktop/CGDesign/NJU_C
G/161240005_5æœˆæŠ¥å‘Š/161240005é™ˆå‹‡è™ŽCG/images/translate_mouse_later.jpg> <
C:/Users/ASUS/Desktop/CGDesign/NJU_CG/161240005_5æœˆæŠ¥å‘Š/161240005é™ˆå‹‡è™ŽCG
/images/rotate_mouse_before.jpg>]
<images/rotate_mouse_later.jpg, id=199, 520.19344pt x 525.46312pt>
File: images/rotate_mouse_later.jpg Graphic file (type jpg)

<use images/rotate_mouse_later.jpg>
Package pdftex.def Info: images/rotate_mouse_later.jpg used on input line 783.
(pdftex.def)             Requested size: 208.07368pt x 210.18152pt.
File: images/scale_icon.png Graphic file (type png)
 <use images/scale_icon.png>
Package pdftex.def Info: images/scale_icon.png used on input line 786.
(pdftex.def)             Requested size: 9.03372pt x 9.03372pt.

<images/scale_mouse_before.jpg, id=200, 520.19344pt x 526.96875pt>
File: images/scale_mouse_before.jpg Graphic file (type jpg)

<use images/scale_mouse_before.jpg>
Package pdftex.def Info: images/scale_mouse_before.jpg used on input line 788.
(pdftex.def)             Requested size: 208.07368pt x 210.78375pt.

<images/scale_mouse_later.jpg, id=201, 523.20468pt x 519.44063pt>
File: images/scale_mouse_later.jpg Graphic file (type jpg)

<use images/scale_mouse_later.jpg>
Package pdftex.def Info: images/scale_mouse_later.jpg used on input line 792.
(pdftex.def)             Requested size: 209.27815pt x 207.77257pt.
 [23 <C:/Users/ASUS/Desktop/CGDesign/NJU_CG/161240005_5æœˆæŠ¥å‘Š/161240005é™ˆå‹
‡è™ŽCG/images/rotate_mouse_later.jpg> <C:/Users/ASUS/Desktop/CGDesign/NJU_CG/16
1240005_5æœˆæŠ¥å‘Š/161240005é™ˆå‹‡è™ŽCG/images/scale_mouse_before.jpg>]
File: images/delete_icon.png Graphic file (type png)
 <use images/delete_icon.png>
Package pdftex.def Info: images/delete_icon.png used on input line 795.
(pdftex.def)             Requested size: 9.03372pt x 9.03372pt.

<images/clip_mouse_before.jpg, id=205, 533.74406pt x 436.63126pt>
File: images/clip_mouse_before.jpg Graphic file (type jpg)

<use images/clip_mouse_before.jpg>
Package pdftex.def Info: images/clip_mouse_before.jpg used on input line 797.
(pdftex.def)             Requested size: 213.49384pt x 174.6494pt.

<images/clip_mouse_later.jpg, id=206, 531.48563pt x 431.36156pt>
File: images/clip_mouse_later.jpg Graphic file (type jpg)

<use images/clip_mouse_later.jpg>
Package pdftex.def Info: images/clip_mouse_later.jpg used on input line 801.
(pdftex.def)             Requested size: 212.59048pt x 172.54156pt.

<images/resetCanvas_command_before.jpg, id=207, 521.69907pt x 450.9347pt>
File: images/resetCanvas_command_before.jpg Graphic file (type jpg)

<use images/resetCanvas_command_before.jpg>
Package pdftex.def Info: images/resetCanvas_command_before.jpg used on input li
ne 809.
(pdftex.def)             Requested size: 208.67592pt x 180.37068pt.
 [24 <C:/Users/ASUS/Desktop/CGDesign/NJU_CG/161240005_5æœˆæŠ¥å‘Š/161240005é™ˆå‹
‡è™ŽCG/images/scale_mouse_later.jpg> <C:/Users/ASUS/Desktop/CGDesign/NJU_CG/161
240005_5æœˆæŠ¥å‘Š/161240005é™ˆå‹‡è™ŽCG/images/clip_mouse_before.jpg> <C:/Users/
ASUS/Desktop/CGDesign/NJU_CG/161240005_5æœˆæŠ¥å‘Š/161240005é™ˆå‹‡è™ŽCG/images/c
lip_mouse_later.jpg>]
<images/resetCanvas_command_later.jpg, id=211, 995.97093pt x 524.71031pt>
File: images/resetCanvas_command_later.jpg Graphic file (type jpg)

<use images/resetCanvas_command_later.jpg>
Package pdftex.def Info: images/resetCanvas_command_later.jpg used on input lin
e 813.
(pdftex.def)             Requested size: 398.38132pt x 209.8804pt.

Overfull \hbox (11.73256pt too wide) in paragraph at lines 813--814
 [] 
 []

<images/drawLine_command.jpg, id=212, 576.65437pt x 481.04718pt>
File: images/drawLine_command.jpg Graphic file (type jpg)

<use images/drawLine_command.jpg>
Package pdftex.def Info: images/drawLine_command.jpg used on input line 824.
(pdftex.def)             Requested size: 230.65765pt x 192.41545pt.
 [25 <C:/Users/ASUS/Desktop/CGDesign/NJU_CG/161240005_5æœˆæŠ¥å‘Š/161240005é™ˆå‹
‡è™ŽCG/images/resetCanvas_command_before.jpg> <C:/Users/ASUS/Desktop/CGDesign/N
JU_CG/161240005_5æœˆæŠ¥å‘Š/161240005é™ˆå‹‡è™ŽCG/images/resetCanvas_command_late
r.jpg>]
<images/drawPolygon_command.jpg, id=217, 529.98pt x 525.46312pt>
File: images/drawPolygon_command.jpg Graphic file (type jpg)

<use images/drawPolygon_command.jpg>
Package pdftex.def Info: images/drawPolygon_command.jpg used on input line 832.

(pdftex.def)             Requested size: 211.98824pt x 210.18152pt.

<images/drawEllipse_command.jpg, id=218, 518.6878pt x 518.6878pt>
File: images/drawEllipse_command.jpg Graphic file (type jpg)

<use images/drawEllipse_command.jpg>
Package pdftex.def Info: images/drawEllipse_command.jpg used on input line 840.

(pdftex.def)             Requested size: 207.47144pt x 207.47144pt.
 [26 <C:/Users/ASUS/Desktop/CGDesign/NJU_CG/161240005_5æœˆæŠ¥å‘Š/161240005é™ˆå‹
‡è™ŽCG/images/drawLine_command.jpg> <C:/Users/ASUS/Desktop/CGDesign/NJU_CG/1612
40005_5æœˆæŠ¥å‘Š/161240005é™ˆå‹‡è™ŽCG/images/drawPolygon_command.jpg>]
<images/drawCurve_command.jpg, id=222, 568.37344pt x 502.12593pt>
File: images/drawCurve_command.jpg Graphic file (type jpg)

<use images/drawCurve_command.jpg>
Package pdftex.def Info: images/drawCurve_command.jpg used on input line 848.
(pdftex.def)             Requested size: 227.34535pt x 200.84682pt.

Underfull \hbox (badness 10000) in paragraph at lines 850--853

 []

<images/translate_command_before.jpg, id=223, 594.72188pt x 500.62032pt>
File: images/translate_command_before.jpg Graphic file (type jpg)

<use images/translate_command_before.jpg>
Package pdftex.def Info: images/translate_command_before.jpg used on input line
 854.
(pdftex.def)             Requested size: 237.88454pt x 200.24457pt.
 [27 <C:/Users/ASUS/Desktop/CGDesign/NJU_CG/161240005_5æœˆæŠ¥å‘Š/161240005é™ˆå‹
‡è™ŽCG/images/drawEllipse_command.jpg> <C:/Users/ASUS/Desktop/CGDesign/NJU_CG/1
61240005_5æœˆæŠ¥å‘Š/161240005é™ˆå‹‡è™ŽCG/images/drawCurve_command.jpg>]
<images/translate_command_later.jpg, id=227, 592.46344pt x 496.10344pt>
File: images/translate_command_later.jpg Graphic file (type jpg)

<use images/translate_command_later.jpg>
Package pdftex.def Info: images/translate_command_later.jpg used on input line 
859.
(pdftex.def)             Requested size: 236.98117pt x 198.43785pt.

Underfull \hbox (badness 10000) in paragraph at lines 861--864

 []

<images/rotate_command_before.jpg, id=228, 477.28313pt x 357.58594pt>
File: images/rotate_command_before.jpg Graphic file (type jpg)

<use images/rotate_command_before.jpg>
Package pdftex.def Info: images/rotate_command_before.jpg used on input line 86
5.
(pdftex.def)             Requested size: 190.90987pt x 143.03183pt.
 [28 <C:/Users/ASUS/Desktop/CGDesign/NJU_CG/161240005_5æœˆæŠ¥å‘Š/161240005é™ˆå‹
‡è™ŽCG/images/translate_command_before.jpg> <C:/Users/ASUS/Desktop/CGDesign/NJU
_CG/161240005_5æœˆæŠ¥å‘Š/161240005é™ˆå‹‡è™ŽCG/images/translate_command_later.jp
g> <C:/Users/ASUS/Desktop/CGDesign/NJU_CG/161240005_5æœˆæŠ¥å‘Š/161240005é™ˆå‹‡è
™ŽCG/images/rotate_command_before.jpg>]
<images/rotate_command_later.jpg, id=232, 473.51906pt x 360.59718pt>
File: images/rotate_command_later.jpg Graphic file (type jpg)

<use images/rotate_command_later.jpg>
Package pdftex.def Info: images/rotate_command_later.jpg used on input line 870
.
(pdftex.def)             Requested size: 189.40425pt x 144.23631pt.

Underfull \hbox (badness 10000) in paragraph at lines 872--875

 []

<images/scale_command_before.jpg, id=233, 505.89pt x 497.60907pt>
File: images/scale_command_before.jpg Graphic file (type jpg)

<use images/scale_command_before.jpg>
Package pdftex.def Info: images/scale_command_before.jpg used on input line 876
.
(pdftex.def)             Requested size: 202.3524pt x 199.0401pt.

<images/scale_command_later.jpg, id=234, 509.65407pt x 503.63156pt>
File: images/scale_command_later.jpg Graphic file (type jpg)

<use images/scale_command_later.jpg>
Package pdftex.def Info: images/scale_command_later.jpg used on input line 881.

(pdftex.def)             Requested size: 203.858pt x 201.44905pt.
 [29 <C:/Users/ASUS/Desktop/CGDesign/NJU_CG/161240005_5æœˆæŠ¥å‘Š/161240005é™ˆå‹
‡è™ŽCG/images/rotate_command_later.jpg> <C:/Users/ASUS/Desktop/CGDesign/NJU_CG/
161240005_5æœˆæŠ¥å‘Š/161240005é™ˆå‹‡è™ŽCG/images/scale_command_before.jpg>]
Underfull \hbox (badness 10000) in paragraph at lines 883--890

 []

<images/clip_command_before.jpg, id=238, 563.85657pt x 488.57532pt>
File: images/clip_command_before.jpg Graphic file (type jpg)

<use images/clip_command_before.jpg>
Package pdftex.def Info: images/clip_command_before.jpg used on input line 891.

(pdftex.def)             Requested size: 225.53864pt x 195.42667pt.

<images/clip_command_later.jpg, id=239, 476.53032pt x 357.58594pt>
File: images/clip_command_later.jpg Graphic file (type jpg)

<use images/clip_command_later.jpg>
Package pdftex.def Info: images/clip_command_later.jpg used on input line 897.
(pdftex.def)             Requested size: 190.60875pt x 143.03183pt.
 [30 <C:/Users/ASUS/Desktop/CGDesign/NJU_CG/161240005_5æœˆæŠ¥å‘Š/161240005é™ˆå‹
‡è™ŽCG/images/scale_command_later.jpg> <C:/Users/ASUS/Desktop/CGDesign/NJU_CG/1
61240005_5æœˆæŠ¥å‘Š/161240005é™ˆå‹‡è™ŽCG/images/clip_command_before.jpg>] [31 <
C:/Users/ASUS/Desktop/CGDesign/NJU_CG/161240005_5æœˆæŠ¥å‘Š/161240005é™ˆå‹‡è™ŽCG
/images/clip_command_later.jpg>]
(C:\Users\ASUS\Desktop\CGDesign\NJU_CG\161240005_5æœˆæŠ¥å‘Š\161240005é™ˆå‹‡è™ŽC
G\161240005_5æœˆæŠ¥å‘Š.aux) ) 
Here is how much of TeX's memory you used:
 22988 strings out of 495354
 441306 string characters out of 3183860
 468554 words of memory out of 3000000
 25574 multiletter control sequences out of 15000+200000
 52686 words of font info for 155 fonts, out of 3000000 for 9000
 14 hyphenation exceptions out of 8191
 55i,14n,66p,934b,575s stack positions out of 5000i,500n,10000p,200000b,50000s
<C:/WINDOWS/Fonts/simhei.ttf><C:/WINDOWS/Fonts/sim
sun.ttc><C:/WINDOWS/Fonts/simhei.ttf><C:/WINDOWS/Fonts/simhei.ttf><C:/WINDOWS/F
onts/simhei.ttf><C:/WINDOWS/Fonts/simhei.ttf><C:/WINDOWS/Fonts/simhei.ttf><C:/W
INDOWS/Fonts/simhei.ttf><C:/WINDOWS/Fonts/simhei.ttf><C:/WINDOWS/Fonts/simsun.t
tc>{C:/CTEX/MiKTeX/fonts/enc/dvips/fontname/8r.enc}<C:/WINDOWS/Fonts/simsun.ttc
><C:/WINDOWS/Fonts/simhei.ttf><C:/WINDOWS/Fonts/simhei.ttf><C:/WINDOWS/Fonts/si
mhei.ttf><C:/WINDOWS/Fonts/simhei.ttf><C:/WINDOWS/Fonts/simhei.ttf><C:/WINDOWS/
Fonts/simhei.ttf><C:/WINDOWS/Fonts/simhei.ttf><C:/WINDOWS/Fonts/simsun.ttc><C:/
WINDOWS/Fonts/simsun.ttc><C:/WINDOWS/Fonts/simsun.ttc><C:/WINDOWS/Fonts/simsun.
ttc><C:/WINDOWS/Fonts/simsun.ttc><C:/WINDOWS/Fonts/simsun.ttc><C:/WINDOWS/Fonts
/simsun.ttc><C:/WINDOWS/Fonts/simsun.ttc><C:/WINDOWS/Fonts/simsun.ttc><C:/WINDO
WS/Fonts/simsun.ttc><C:/WINDOWS/Fonts/simsun.ttc><C:/WINDOWS/Fonts/simsun.ttc><
C:/WINDOWS/Fonts/simsun.ttc><C:/WINDOWS/Fonts/simsun.ttc><C:/WINDOWS/Fonts/sims
un.ttc><C:/WINDOWS/Fonts/simsun.ttc><C:/WINDOWS/Fonts/simsun.ttc><C:/WINDOWS/Fo
nts/simsun.ttc><C:/WINDOWS/Fonts/simsun.ttc><C:/WINDOWS/Fonts/simsun.ttc><C:/WI
NDOWS/Fonts/simsun.ttc><C:/WINDOWS/Fonts/simsun.ttc><C:/WINDOWS/Fonts/simsun.tt
c><C:/WINDOWS/Fonts/simsun.ttc><C:/WINDOWS/Fonts/simhei.ttf><C:/WINDOWS/Fonts/s
imhei.ttf><C:/WINDOWS/Fonts/simsun.ttc><C:/WINDOWS/Fonts/simsun.ttc><C:/WINDOWS
/Fonts/simsun.ttc><C:/WINDOWS/Fonts/simsun.ttc><C:/WINDOWS/Fonts/simsun.ttc><C:
/WINDOWS/Fonts/simsun.ttc><C:/WINDOWS/Fonts/simhei.ttf><C:/WINDOWS/Fonts/simhei
.ttf><C:/WINDOWS/Fonts/simhei.ttf><C:/WINDOWS/Fonts/simhei.ttf><C:/WINDOWS/Font
s/simhei.ttf><C:/WINDOWS/Fonts/simhei.ttf><C:/WINDOWS/Fonts/simhei.ttf><C:/WIND
OWS/Fonts/simhei.ttf><C:/WINDOWS/Fonts/simhei.ttf><C:/CTEX/MiKTeX/fonts/type1/p
ublic/amsfonts/cm/cmex10.pfb><C:/CTEX/MiKTeX/fonts/type1/public/amsfonts/cm/cmm
i10.pfb><C:/CTEX/MiKTeX/fonts/type1/public/amsfonts/cm/cmmi6.pfb><C:/CTEX/MiKTe
X/fonts/type1/public/amsfonts/cm/cmmi8.pfb><C:/CTEX/MiKTeX/fonts/type1/public/a
msfonts/cm/cmr10.pfb><C:/CTEX/MiKTeX/fonts/type1/public/amsfonts/cm/cmr6.pfb><C
:/CTEX/MiKTeX/fonts/type1/public/amsfonts/cm/cmr8.pfb><C:/CTEX/MiKTeX/fonts/typ
e1/public/amsfonts/cm/cmsy10.pfb><C:/CTEX/MiKTeX/fonts/type1/public/amsfonts/cm
/cmsy6.pfb><C:/CTEX/MiKTeX/fonts/type1/public/amsfonts/cm/cmsy8.pfb><C:/CTEX/Mi
KTeX/fonts/type1/urw/times/utmb8a.pfb><C:/CTEX/MiKTeX/fonts/type1/urw/times/utm
r8a.pfb><C:/CTEX/MiKTeX/fonts/type1/urw/times/utmr8a.pfb><C:/CTEX/MiKTeX/fonts/
type1/urw/zapfding/uzdr.pfb>
Output written on 161240005_5æœˆæŠ¥å‘Š.pdf (31 pages, 1235893 bytes).
PDF statistics:
 469 PDF objects out of 1000 (max. 8388607)
 0 named destinations out of 1000 (max. 500000)
 293 words of extra memory for PDF output out of 10000 (max. 10000000)

